<?xml version="1.0" encoding="UTF-8"?>
<testsuite xmlns:xsi="http://www.w3.org/2001/XMLSchema-instance" xsi:noNamespaceSchemaLocation="https://maven.apache.org/surefire/maven-surefire-plugin/xsd/surefire-test-report-3.0.xsd" version="3.0" name="com.example.restservice.RestServiceApplicationTests" time="4.175" tests="1" errors="0" skipped="0" failures="0">
  <properties>
[...]
</properties>
  <testcase name="contextLoads" classname="com.example.restservice.RestServiceApplicationTests" time="0.358">
    <system-out><![CDATA[18:02:29.981 [main] INFO org.springframework.test.context.support.AnnotationConfigContextLoaderUtils -- Could not detect default configuration classes for test class [com.example.restservice.RestServiceApplicationTests]: RestServiceApplicationTests does not declare any static, non-private, non-final, nested classes annotated with @Configuration.
18:02:30.060 [main] INFO org.springframework.boot.test.context.SpringBootTestContextBootstrapper -- Found @SpringBootConfiguration com.example.restservice.RestServiceApplication for test class com.example.restservice.RestServiceApplicationTests
  .   ____          _            __ _ _
 /\\ / ___'_ __ _ _(_)_ __  __ _ \ \ \ \
( ( )\___ | '_ | '_| | '_ \/ _` | \ \ \ \
 \\/  ___)| |_)| | | | | || (_| |  ) ) ) )
  '  |____| .__|_| |_|_| |_\__, | / / / /
 =========|_|==============|___/=/_/_/_/

 :: Spring Boot ::                (v3.3.0)

2024-10-26T18:02:30.423Z  INFO 707811 --- [           main] c.e.r.RestServiceApplicationTests        : Starting RestServiceApplicationTests using Java 20.0.2 with PID 707811 (started by waassafiri in /home/waassafiri/shared/TpDonnation)
2024-10-26T18:02:30.424Z  INFO 707811 --- [           main] c.e.r.RestServiceApplicationTests        : No active profile set, falling back to 1 default profile: "default"
2024-10-26T18:02:30.943Z  INFO 707811 --- [           main] .s.d.r.c.RepositoryConfigurationDelegate : Bootstrapping Spring Data JPA repositories in DEFAULT mode.
2024-10-26T18:02:30.986Z  INFO 707811 --- [           main] .s.d.r.c.RepositoryConfigurationDelegate : Finished Spring Data repository scanning in 36 ms. Found 1 JPA repository interface.
2024-10-26T18:02:31.477Z  INFO 707811 --- [           main] o.hibernate.jpa.internal.util.LogHelper  : HHH000204: Processing PersistenceUnitInfo [name: default]
2024-10-26T18:02:31.531Z  INFO 707811 --- [           main] org.hibernate.Version                    : HHH000412: Hibernate ORM core version 6.5.2.Final
2024-10-26T18:02:31.552Z  INFO 707811 --- [           main] o.h.c.internal.RegionFactoryInitiator    : HHH000026: Second-level cache disabled
2024-10-26T18:02:31.783Z  INFO 707811 --- [           main] o.s.o.j.p.SpringPersistenceUnitInfo      : No LoadTimeWeaver setup: ignoring JPA class transformer
2024-10-26T18:02:31.841Z  INFO 707811 --- [           main] com.zaxxer.hikari.HikariDataSource       : HikariPool-1 - Starting...
2024-10-26T18:02:31.986Z  INFO 707811 --- [           main] com.zaxxer.hikari.pool.HikariPool        : HikariPool-1 - Added connection conn0: url=jdbc:h2:mem:testdb user=ADMIN
2024-10-26T18:02:31.987Z  INFO 707811 --- [           main] com.zaxxer.hikari.HikariDataSource       : HikariPool-1 - Start completed.
2024-10-26T18:02:32.592Z  INFO 707811 --- [           main] o.h.e.t.j.p.i.JtaPlatformInitiator       : HHH000489: No JTA platform available (set 'hibernate.transaction.jta.platform' to enable JTA platform integration)
Hibernate: create table annonce (id bigint generated by default as identity, description varchar(255), is_hand_delivery boolean not null, publication_date date, state varchar(255), title varchar(255), zone varchar(255), primary key (id))
Hibernate: create table annonce_keywords (annonce_id bigint not null, keywords varchar(255))
Hibernate: alter table if exists annonce_keywords add constraint FK55jmobbjd9afcfgj0oync4lgr foreign key (annonce_id) references annonce
2024-10-26T18:02:32.648Z  INFO 707811 --- [           main] j.LocalContainerEntityManagerFactoryBean : Initialized JPA EntityManagerFactory for persistence unit 'default'
2024-10-26T18:02:32.842Z  INFO 707811 --- [           main] o.s.d.j.r.query.QueryEnhancerFactory     : Hibernate is in classpath; If applicable, HQL parser will be used.
2024-10-26T18:02:33.259Z  WARN 707811 --- [           main] JpaBaseConfiguration$JpaWebConfiguration : spring.jpa.open-in-view is enabled by default. Therefore, database queries may be performed during view rendering. Explicitly configure spring.jpa.open-in-view to disable this warning
2024-10-26T18:02:33.293Z  INFO 707811 --- [           main] o.s.b.a.w.s.WelcomePageHandlerMapping    : Adding welcome page template: index
2024-10-26T18:02:33.610Z  INFO 707811 --- [           main] o.s.b.a.h2.H2ConsoleAutoConfiguration    : H2 console available at '/h2-console'. Database available at 'jdbc:h2:mem:testdb'
2024-10-26T18:02:33.652Z  INFO 707811 --- [           main] c.e.r.RestServiceApplicationTests        : Started RestServiceApplicationTests in 3.471 seconds (process running for 4.138)
]]></system-out>
  </testcase>
</testsuite>